#
# There is insufficient memory for the Java Runtime Environment to continue.
# Native memory allocation (mmap) failed to map 134217728 bytes for G1 virtual space
# Possible reasons:
#   The system is out of physical RAM or swap space
#   The process is running with CompressedOops enabled, and the Java Heap may be blocking the growth of the native heap
# Possible solutions:
#   Reduce memory load on the system
#   Increase physical memory or swap space
#   Check if swap backing store is full
#   Decrease Java heap size (-Xmx/-Xms)
#   Decrease number of Java threads
#   Decrease Java thread stack sizes (-Xss)
#   Set larger code cache with -XX:ReservedCodeCacheSize=
#   JVM is running with Unscaled Compressed Oops mode in which the Java heap is
#     placed in the first 4GB address space. The Java Heap base address is the
#     maximum limit for the native heap growth. Please use -XX:HeapBaseMinAddress
#     to set the Java Heap base and to place the Java Heap above 4GB virtual address.
# This output file may be truncated or incomplete.
#
#  Out of Memory Error (os_windows.cpp:3469), pid=8252, tid=6084
#
# JRE version:  (17.0+35) (build )
# Java VM: Java HotSpot(TM) 64-Bit Server VM (17+35-LTS-2724, mixed mode, sharing, tiered, compressed oops, compressed class ptrs, g1 gc, windows-amd64)
# No core dump will be written. Minidumps are not enabled by default on client versions of Windows
#

---------------  S U M M A R Y ------------

Command Line: -javaagent:C:\Program Files\JetBrains\IntelliJ IDEA Community Edition 2021.2.2\lib\idea_rt.jar=54468:C:\Program Files\JetBrains\IntelliJ IDEA Community Edition 2021.2.2\bin -Dfile.encoding=UTF-8 ch03.Main3ChKt

Host: Intel(R) Core(TM) i3-2120 CPU @ 3.30GHz, 4 cores, 7G,  Windows 8.1 , 64 bit Build 9600 (6.3.9600.20778)
Time: Tue Feb 28 08:51:26 2023 RTZ 3 (зима) elapsed time: 0.031723 seconds (0d 0h 0m 0s)

---------------  T H R E A D  ---------------

Current thread (0x0000001a4ebf7e90):  JavaThread "Unknown thread" [_thread_in_vm, id=6084, stack(0x0000001a4e2a0000,0x0000001a4e3a0000)]

Stack: [0x0000001a4e2a0000,0x0000001a4e3a0000]
Native frames: (J=compiled Java code, j=interpreted, Vv=VM code, C=native code)
V  [jvm.dll+0x66f8ea]
V  [jvm.dll+0x7ce224]
V  [jvm.dll+0x7cf9ce]
V  [jvm.dll+0x7d0033]
V  [jvm.dll+0x242bb5]
V  [jvm.dll+0x66c909]
V  [jvm.dll+0x6613d2]
V  [jvm.dll+0x30082b]
V  [jvm.dll+0x307db6]
V  [jvm.dll+0x357a0e]
V  [jvm.dll+0x357c3f]
V  [jvm.dll+0x2d7ae8]
V  [jvm.dll+0x2d8a54]
V  [jvm.dll+0x7a00a1]
V  [jvm.dll+0x365781]
V  [jvm.dll+0x77f59c]
V  [jvm.dll+0x3e805f]
V  [jvm.dll+0x3e9b01]
C  [jli.dll+0x527b]
C  [ucrtbase.DLL+0x1d912]
C  [KERNEL32.DLL+0x1412]
C  [ntdll.dll+0x15504]


---------------  P R O C E S S  ---------------

Threads class SMR info:
_java_thread_list=0x00007ffab5c57818, length=0, elements={
}

Java Threads: ( => current thread )

Other Threads:
  0x0000001a4cb7e840 GCTaskThread "GC Thread#0" [stack: 0x0000001a4ea10000,0x0000001a4eb10000] [id=6944]
  0x0000001a4ec42bf0 ConcurrentGCThread "G1 Main Marker" [stack: 0x0000001a69f90000,0x0000001a6a090000] [id=5408]
  0x0000001a4ec44cc0 ConcurrentGCThread "G1 Conc#0" [stack: 0x0000001a6a090000,0x0000001a6a190000] [id=5124]

[error occurred during error reporting (printing all threads), id 0xc0000005, EXCEPTION_ACCESS_VIOLATION (0xc0000005) at pc=0x00007ffab54a84c7]

VM state: not at safepoint (not fully initialized)

VM Mutex/Monitor currently owned by a thread:  ([mutex/lock_event])
[0x0000001a4ebf42b0] Heap_lock - owner thread: 0x0000001a4ebf7e90

Heap address: 0x0000000080800000, size: 2040 MB, Compressed Oops mode: 32-bit

CDS archive(s) mapped at: [0x0000000000000000-0x0000000000000000-0x0000000000000000), size 0, SharedBaseAddress: 0x0000000800000000, ArchiveRelocationMode: 0.
Narrow klass base: 0x0000000000000000, Narrow klass shift: 0, Narrow klass range: 0x0

GC Precious Log:
<Empty>

Heap:
 garbage-first heap   total 0K, used 0K [0x0000000080800000, 0x0000000100000000)
  region size 1024K, 0 young (0K), 0 survivors (0K)

[error occurred during error reporting (printing heap information), id 0xc0000005, EXCEPTION_ACCESS_VIOLATION (0xc0000005) at pc=0x00007ffab5888c59]

GC Heap History (0 events):
No events

Deoptimization events (0 events):
No events

Classes unloaded (0 events):
No events

Classes redefined (0 events):
No events

Internal exceptions (0 events):
No events

VM Operations (0 events):
No events

Events (1 events):
Event: 0.023 Loaded shared library C:\Program Files\Java\jdk-17\bin\java.dll


Dynamic libraries:
0x00007ff7a0cc0000 - 0x00007ff7a0cd0000 	C:\Program Files\Java\jdk-17\bin\java.exe
0x00007ffaf5020000 - 0x00007ffaf51cd000 	C:\Windows\SYSTEM32\ntdll.dll
0x00007ffaf4e50000 - 0x00007ffaf4f8f000 	C:\Windows\system32\KERNEL32.DLL
0x00007ffaf22c0000 - 0x00007ffaf23d4000 	C:\Windows\system32\KERNELBASE.dll
0x00007ffae08d0000 - 0x00007ffae08e8000 	C:\Program Files\Java\jdk-17\bin\jli.dll
0x00007ffae08b0000 - 0x00007ffae08ca000 	C:\Program Files\Java\jdk-17\bin\VCRUNTIME140.dll
0x00007ffae1a00000 - 0x00007ffae1a04000 	C:\Program Files\Java\jdk-17\bin\api-ms-win-crt-stdio-l1-1-0.dll
0x00007ffae19c0000 - 0x00007ffae19c4000 	C:\Program Files\Java\jdk-17\bin\api-ms-win-crt-runtime-l1-1-0.dll
0x00007ffae0700000 - 0x00007ffae0703000 	C:\Program Files\Java\jdk-17\bin\api-ms-win-crt-environment-l1-1-0.dll
0x00007ffae06f0000 - 0x00007ffae06f5000 	C:\Program Files\Java\jdk-17\bin\api-ms-win-crt-math-l1-1-0.dll
0x00007ffadda20000 - 0x00007ffadda23000 	C:\Program Files\Java\jdk-17\bin\api-ms-win-crt-locale-l1-1-0.dll
0x00007ffadda10000 - 0x00007ffadda13000 	C:\Program Files\Java\jdk-17\bin\api-ms-win-crt-heap-l1-1-0.dll
0x00007ffaf26e0000 - 0x00007ffaf278d000 	C:\Windows\system32\ADVAPI32.dll
0x00007ffaefe80000 - 0x00007ffaf00fb000 	C:\Windows\WinSxS\amd64_microsoft.windows.common-controls_6595b64144ccf1df_6.0.9600.19394_none_62486577ecb635cf\COMCTL32.dll
0x00007ffaf4810000 - 0x00007ffaf4987000 	C:\Windows\system32\USER32.dll
0x00007ffaf03e0000 - 0x00007ffaf03ea000 	C:\Windows\SYSTEM32\VERSION.dll
0x00007ffadda00000 - 0x00007ffadda03000 	C:\Program Files\Java\jdk-17\bin\api-ms-win-crt-filesystem-l1-1-0.dll
0x00007ffadd9f0000 - 0x00007ffadd9f4000 	C:\Program Files\Java\jdk-17\bin\api-ms-win-crt-string-l1-1-0.dll
0x00007ffadd730000 - 0x00007ffadd734000 	C:\Program Files\Java\jdk-17\bin\api-ms-win-crt-convert-l1-1-0.dll
0x00007ffaf27f0000 - 0x00007ffaf289a000 	C:\Windows\system32\msvcrt.dll
0x00007ffaf4990000 - 0x00007ffaf49eb000 	C:\Windows\SYSTEM32\sechost.dll
0x00007ffaf4570000 - 0x00007ffaf46a5000 	C:\Windows\system32\RPCRT4.dll
0x00007ffaf46c0000 - 0x00007ffaf480f000 	C:\Windows\system32\GDI32.dll
0x00007ffad8240000 - 0x00007ffad833a000 	C:\Program Files\Java\jdk-17\bin\ucrtbase.DLL
0x00007ffaf2640000 - 0x00007ffaf266e000 	C:\Windows\system32\SspiCli.dll
0x00007ffaf28a0000 - 0x00007ffaf28d6000 	C:\Windows\system32\IMM32.DLL
0x00007ffaf42e0000 - 0x00007ffaf4431000 	C:\Windows\system32\MSCTF.dll
0x00007ffadd720000 - 0x00007ffadd72c000 	C:\Program Files\Java\jdk-17\bin\vcruntime140_1.dll
0x00007ffadcb90000 - 0x00007ffadcc1d000 	C:\Program Files\Java\jdk-17\bin\msvcp140.dll
0x00007ffadd710000 - 0x00007ffadd713000 	C:\Program Files\Java\jdk-17\bin\api-ms-win-crt-time-l1-1-0.dll
0x00007ffadd700000 - 0x00007ffadd703000 	C:\Program Files\Java\jdk-17\bin\api-ms-win-crt-utility-l1-1-0.dll
0x00007ffab51c0000 - 0x00007ffab5d7e000 	C:\Program Files\Java\jdk-17\bin\server\jvm.dll
0x00007ffaeaf20000 - 0x00007ffaeaf29000 	C:\Windows\SYSTEM32\WSOCK32.dll
0x00007ffaeb1e0000 - 0x00007ffaeb202000 	C:\Windows\SYSTEM32\WINMM.dll
0x00007ffaf4e40000 - 0x00007ffaf4e47000 	C:\Windows\system32\PSAPI.DLL
0x00007ffaf2670000 - 0x00007ffaf26ca000 	C:\Windows\system32\WS2_32.dll
0x00007ffaeb1b0000 - 0x00007ffaeb1da000 	C:\Windows\SYSTEM32\WINMMBASE.dll
0x00007ffaf2bc0000 - 0x00007ffaf2bc9000 	C:\Windows\system32\NSI.dll
0x00007ffaf2160000 - 0x00007ffaf21af000 	C:\Windows\SYSTEM32\cfgmgr32.dll
0x00007ffaf0eb0000 - 0x00007ffaf0ed8000 	C:\Windows\SYSTEM32\DEVOBJ.dll
0x00007ffadd6f0000 - 0x00007ffadd6fa000 	C:\Program Files\Java\jdk-17\bin\jimage.dll
0x00007ffae5690000 - 0x00007ffae581a000 	C:\Windows\SYSTEM32\DBGHELP.DLL
0x00007ffaeaf40000 - 0x00007ffaeaf4e000 	C:\Program Files\Java\jdk-17\bin\instrument.dll
0x00007ffadd6c0000 - 0x00007ffadd6e5000 	C:\Program Files\Java\jdk-17\bin\java.dll

dbghelp: loaded successfully - version: 4.0.5 - missing functions: none
symbol engine: initialized successfully - sym options: 0x614 - pdb path: .;C:\Program Files\Java\jdk-17\bin;C:\Windows\SYSTEM32;C:\Windows\WinSxS\amd64_microsoft.windows.common-controls_6595b64144ccf1df_6.0.9600.19394_none_62486577ecb635cf;C:\Program Files\Java\jdk-17\bin\server

VM Arguments:
jvm_args: -javaagent:C:\Program Files\JetBrains\IntelliJ IDEA Community Edition 2021.2.2\lib\idea_rt.jar=54468:C:\Program Files\JetBrains\IntelliJ IDEA Community Edition 2021.2.2\bin -Dfile.encoding=UTF-8 
java_command: ch03.Main3ChKt
java_class_path (initial): D:\Kostenko\Drive\Kotlin Project\KotlinBook\out\production\kotlinBook;C:\Users\Programmer\AppData\Roaming\JetBrains\IdeaIC2021.2\plugins\Kotlin\kotlinc\lib\kotlin-stdlib.jar;C:\Users\Programmer\AppData\Roaming\JetBrains\IdeaIC2021.2\plugins\Kotlin\kotlinc\lib\kotlin-reflect.jar;C:\Users\Programmer\AppData\Roaming\JetBrains\IdeaIC2021.2\plugins\Kotlin\kotlinc\lib\kotlin-test.jar
Launcher Type: SUN_STANDARD

[Global flags]
     intx CICompilerCount                          = 3                                         {product} {ergonomic}
     uint ConcGCThreads                            = 1                                         {product} {ergonomic}
     uint G1ConcRefinementThreads                  = 4                                         {product} {ergonomic}
   size_t G1HeapRegionSize                         = 1048576                                   {product} {ergonomic}
    uintx GCDrainStackTargetSize                   = 64                                        {product} {ergonomic}
   size_t InitialHeapSize                          = 134217728                                 {product} {ergonomic}
   size_t MarkStackSize                            = 4194304                                   {product} {ergonomic}
   size_t MaxHeapSize                              = 2139095040                                {product} {ergonomic}
   size_t MinHeapDeltaBytes                        = 1048576                                   {product} {ergonomic}
   size_t MinHeapSize                              = 8388608                                   {product} {ergonomic}
    uintx NonNMethodCodeHeapSize                   = 5832780                                {pd product} {ergonomic}
    uintx NonProfiledCodeHeapSize                  = 122912730                              {pd product} {ergonomic}
    uintx ProfiledCodeHeapSize                     = 122912730                              {pd product} {ergonomic}
    uintx ReservedCodeCacheSize                    = 251658240                              {pd product} {ergonomic}
     bool SegmentedCodeCache                       = true                                      {product} {ergonomic}
   size_t SoftMaxHeapSize                          = 2139095040                             {manageable} {ergonomic}
     bool UseCompressedClassPointers               = true                           {product lp64_product} {ergonomic}
     bool UseCompressedOops                        = true                           {product lp64_product} {ergonomic}
     bool UseG1GC                                  = true                                      {product} {ergonomic}
     bool UseLargePagesIndividualAllocation        = false                                  {pd product} {ergonomic}

Logging:
Log output configuration:
 #0: stdout all=warning uptime,level,tags
 #1: stderr all=off uptime,level,tags

Environment Variables:
JAVA_HOME=C:\Program Files\Java\jdk-17
PATH=C:\Program Files (x86)\Common Files\Oracle\Java\javapath;C:\Program Files\Java\jdk-17\bin;C:\Windows\system32;C:\Windows;C:\Windows\System32\Wbem;C:\Windows\System32\WindowsPowerShell\v1.0\;C:\Program Files\apache-maven-3.8.5\bin;C:\Program Files\Git\cmd;C:\gradle-5.6.4\bin;C:\Program Files (x86)\NVIDIA Corporation\PhysX\Common;C:\Program Files\MySQL\MySQL Shell 8.0\bin\;C:\gradle-5.6.4\bin
USERNAME=Programmer
OS=Windows_NT
PROCESSOR_IDENTIFIER=Intel64 Family 6 Model 42 Stepping 7, GenuineIntel



---------------  S Y S T E M  ---------------

OS:
 Windows 8.1 , 64 bit Build 9600 (6.3.9600.20778)
OS uptime: 1 days 1:18 hours

CPU: total 4 (initial active 4) (2 cores per cpu, 2 threads per core) family 6 model 42 stepping 7 microcode 0x29, cx8, cmov, fxsr, ht, mmx, sse, sse2, sse3, ssse3, sse4.1, sse4.2, popcnt, tsc, tscinvbit, avx, clmul, vzeroupper, clflush

Memory: 4k page, system-wide physical 8155M (980M free)
TotalPageFile size 11227M (AvailPageFile size 68M)
current process WorkingSet (physical memory assigned to process): 9M, peak: 9M
current process commit charge ("private bytes"): 51M, peak: 179M

vm_info: Java HotSpot(TM) 64-Bit Server VM (17+35-LTS-2724) for windows-amd64 JRE (17+35-LTS-2724), built on Aug  5 2021 23:28:28 by "mach5one" with MS VC++ 16.8 (VS2019)

END.
